<?xml version="1.0" encoding="UTF-8"?>
<testsuite xmlns:xsi="http://www.w3.org/2001/XMLSchema-instance" xsi:noNamespaceSchemaLocation="https://maven.apache.org/surefire/maven-surefire-plugin/xsd/surefire-test-report.xsd" name="TP1.VintageTest" time="0.018" tests="11" errors="11" skipped="0" failures="0">
  <properties>
    <property name="sun.desktop" value="gnome"/>
    <property name="awt.toolkit" value="sun.awt.X11.XToolkit"/>
    <property name="file.encoding.pkg" value="sun.io"/>
    <property name="java.specification.version" value="1.8"/>
    <property name="sun.cpu.isalist" value=""/>
    <property name="sun.jnu.encoding" value="UTF-8"/>
    <property name="java.class.path" value="/home/lufe/Documents/Uni Folders/ATS/Projeto 2/TP1/JUnit Handwritten/target/test-classes:/home/lufe/Documents/Uni Folders/ATS/Projeto 2/TP1/JUnit Handwritten/target/classes:/home/lufe/.m2/repository/junit/junit/4.13.2/junit-4.13.2.jar:/home/lufe/.m2/repository/org/hamcrest/hamcrest-core/1.3/hamcrest-core-1.3.jar:/home/lufe/.m2/repository/org/junit/vintage/junit-vintage-engine/5.8.1/junit-vintage-engine-5.8.1.jar:/home/lufe/.m2/repository/org/junit/platform/junit-platform-engine/1.8.1/junit-platform-engine-1.8.1.jar:/home/lufe/.m2/repository/org/apiguardian/apiguardian-api/1.1.2/apiguardian-api-1.1.2.jar:/home/lufe/.m2/repository/org/junit/jupiter/junit-jupiter-api/5.8.1/junit-jupiter-api-5.8.1.jar:/home/lufe/.m2/repository/org/opentest4j/opentest4j/1.2.0/opentest4j-1.2.0.jar:/home/lufe/.m2/repository/org/junit/platform/junit-platform-commons/1.8.1/junit-platform-commons-1.8.1.jar:/home/lufe/.m2/repository/org/junit/jupiter/junit-jupiter-engine/5.8.1/junit-jupiter-engine-5.8.1.jar:/home/lufe/.m2/repository/org/evosuite/evosuite-standalone-runtime/1.0.6/evosuite-standalone-runtime-1.0.6.jar:"/>
    <property name="java.vm.vendor" value="Private Build"/>
    <property name="sun.arch.data.model" value="64"/>
    <property name="java.vendor.url" value="http://java.oracle.com/"/>
    <property name="user.timezone" value=""/>
    <property name="java.vm.specification.version" value="1.8"/>
    <property name="os.name" value="Linux"/>
    <property name="user.country" value="US"/>
    <property name="sun.java.launcher" value="SUN_STANDARD"/>
    <property name="sun.boot.library.path" value="/usr/lib/jvm/java-8-openjdk-amd64/jre/lib/amd64"/>
    <property name="sun.java.command" value="/home/lufe/Documents/Uni Folders/ATS/Projeto 2/TP1/JUnit Handwritten/target/surefire/surefirebooter1201519083335234933.jar /home/lufe/Documents/Uni Folders/ATS/Projeto 2/TP1/JUnit Handwritten/target/surefire 2024-05-27T15-40-33_027-jvmRun1 surefire5072796856795354186tmp surefire_08956966730905563404tmp"/>
    <property name="surefire.test.class.path" value="/home/lufe/Documents/Uni Folders/ATS/Projeto 2/TP1/JUnit Handwritten/target/test-classes:/home/lufe/Documents/Uni Folders/ATS/Projeto 2/TP1/JUnit Handwritten/target/classes:/home/lufe/.m2/repository/junit/junit/4.13.2/junit-4.13.2.jar:/home/lufe/.m2/repository/org/hamcrest/hamcrest-core/1.3/hamcrest-core-1.3.jar:/home/lufe/.m2/repository/org/junit/vintage/junit-vintage-engine/5.8.1/junit-vintage-engine-5.8.1.jar:/home/lufe/.m2/repository/org/junit/platform/junit-platform-engine/1.8.1/junit-platform-engine-1.8.1.jar:/home/lufe/.m2/repository/org/apiguardian/apiguardian-api/1.1.2/apiguardian-api-1.1.2.jar:/home/lufe/.m2/repository/org/junit/jupiter/junit-jupiter-api/5.8.1/junit-jupiter-api-5.8.1.jar:/home/lufe/.m2/repository/org/opentest4j/opentest4j/1.2.0/opentest4j-1.2.0.jar:/home/lufe/.m2/repository/org/junit/platform/junit-platform-commons/1.8.1/junit-platform-commons-1.8.1.jar:/home/lufe/.m2/repository/org/junit/jupiter/junit-jupiter-engine/5.8.1/junit-jupiter-engine-5.8.1.jar:/home/lufe/.m2/repository/org/evosuite/evosuite-standalone-runtime/1.0.6/evosuite-standalone-runtime-1.0.6.jar:"/>
    <property name="sun.cpu.endian" value="little"/>
    <property name="user.home" value="/home/lufe"/>
    <property name="user.language" value="en"/>
    <property name="java.specification.vendor" value="Oracle Corporation"/>
    <property name="java.home" value="/usr/lib/jvm/java-8-openjdk-amd64/jre"/>
    <property name="basedir" value="/home/lufe/Documents/Uni Folders/ATS/Projeto 2/TP1/JUnit Handwritten"/>
    <property name="file.separator" value="/"/>
    <property name="line.separator" value="&#10;"/>
    <property name="java.vm.specification.vendor" value="Oracle Corporation"/>
    <property name="java.specification.name" value="Java Platform API Specification"/>
    <property name="java.awt.graphicsenv" value="sun.awt.X11GraphicsEnvironment"/>
    <property name="surefire.real.class.path" value="/home/lufe/Documents/Uni Folders/ATS/Projeto 2/TP1/JUnit Handwritten/target/surefire/surefirebooter1201519083335234933.jar:/home/lufe/.m2/repository/org/jacoco/org.jacoco.agent/0.8.4/org.jacoco.agent-0.8.4-runtime.jar"/>
    <property name="sun.boot.class.path" value="/usr/lib/jvm/java-8-openjdk-amd64/jre/lib/resources.jar:/usr/lib/jvm/java-8-openjdk-amd64/jre/lib/rt.jar:/usr/lib/jvm/java-8-openjdk-amd64/jre/lib/sunrsasign.jar:/usr/lib/jvm/java-8-openjdk-amd64/jre/lib/jsse.jar:/usr/lib/jvm/java-8-openjdk-amd64/jre/lib/jce.jar:/usr/lib/jvm/java-8-openjdk-amd64/jre/lib/charsets.jar:/usr/lib/jvm/java-8-openjdk-amd64/jre/lib/jfr.jar:/usr/lib/jvm/java-8-openjdk-amd64/jre/classes"/>
    <property name="sun.management.compiler" value="HotSpot 64-Bit Tiered Compilers"/>
    <property name="java.runtime.version" value="1.8.0_402-8u402-ga-2ubuntu1~22.04-b06"/>
    <property name="user.name" value="lufe"/>
    <property name="path.separator" value=":"/>
    <property name="os.version" value="6.2.6-76060206-generic"/>
    <property name="java.endorsed.dirs" value="/usr/lib/jvm/java-8-openjdk-amd64/jre/lib/endorsed"/>
    <property name="java.runtime.name" value="OpenJDK Runtime Environment"/>
    <property name="file.encoding" value="UTF-8"/>
    <property name="java.vm.name" value="OpenJDK 64-Bit Server VM"/>
    <property name="localRepository" value="/home/lufe/.m2/repository"/>
    <property name="java.vendor.url.bug" value="http://bugreport.sun.com/bugreport/"/>
    <property name="java.io.tmpdir" value="/tmp"/>
    <property name="java.version" value="1.8.0_402"/>
    <property name="user.dir" value="/home/lufe/Documents/Uni Folders/ATS/Projeto 2/TP1/JUnit Handwritten"/>
    <property name="os.arch" value="amd64"/>
    <property name="java.vm.specification.name" value="Java Virtual Machine Specification"/>
    <property name="java.awt.printerjob" value="sun.print.PSPrinterJob"/>
    <property name="sun.os.patch.level" value="unknown"/>
    <property name="java.library.path" value="/usr/java/packages/lib/amd64:/usr/lib/x86_64-linux-gnu/jni:/lib/x86_64-linux-gnu:/usr/lib/x86_64-linux-gnu:/usr/lib/jni:/lib:/usr/lib"/>
    <property name="java.vm.info" value="mixed mode"/>
    <property name="java.vendor" value="Private Build"/>
    <property name="java.vm.version" value="25.402-b06"/>
    <property name="java.specification.maintenance.version" value="5"/>
    <property name="java.ext.dirs" value="/usr/lib/jvm/java-8-openjdk-amd64/jre/lib/ext:/usr/java/packages/lib/ext"/>
    <property name="sun.io.unicode.encoding" value="UnicodeLittle"/>
    <property name="java.class.version" value="52.0"/>
  </properties>
  <testcase name="testGettersAndSetters" classname="TP1.VintageTest" time="0.001">
    <error message="Unresolved compilation problems: &#10;	The method setSessaoAtual(String) is undefined for the type Vintage&#10;	The method setUtilizadores(Map&lt;String,Utilizador&gt;) is undefined for the type Vintage&#10;" type="java.lang.Error"><![CDATA[java.lang.Error: 
Unresolved compilation problems: 
	The method setSessaoAtual(String) is undefined for the type Vintage
	The method setUtilizadores(Map<String,Utilizador>) is undefined for the type Vintage

	at TP1.VintageTest.testGettersAndSetters(VintageTest.java:29)
]]></error>
  </testcase>
  <testcase name="testGetArtigosVenda" classname="TP1.VintageTest" time="0">
    <error message="Unresolved compilation problems: &#10;	The constructor Utilizador(String, String, String, String, String, int) is undefined&#10;	The constructor Utilizador(String, String, String, String, String, int) is undefined&#10;	Cannot instantiate the type Artigo&#10;	Cannot instantiate the type Artigo&#10;" type="java.lang.Error">java.lang.Error: 
Unresolved compilation problems: 
	The constructor Utilizador(String, String, String, String, String, int) is undefined
	The constructor Utilizador(String, String, String, String, String, int) is undefined
	Cannot instantiate the type Artigo
	Cannot instantiate the type Artigo

	at TP1.VintageTest.testGetArtigosVenda(VintageTest.java:68)
</error>
  </testcase>
  <testcase name="testGetTransportadora" classname="TP1.VintageTest" time="0">
    <error message="Unresolved compilation problem: &#10;	The constructor Transportadoras(String, String, int, double, double, int) is undefined&#10;" type="java.lang.Error">java.lang.Error: 
Unresolved compilation problem: 
	The constructor Transportadoras(String, String, int, double, double, int) is undefined

	at TP1.VintageTest.testGetTransportadora(VintageTest.java:60)
</error>
  </testcase>
  <testcase name="testEqualsDifferentDataPrograma" classname="TP1.VintageTest" time="0">
    <error type="java.lang.NullPointerException">java.lang.NullPointerException
	at TP1.VintageTest.testEqualsDifferentDataPrograma(VintageTest.java:156)
</error>
  </testcase>
  <testcase name="testAddUtilizador" classname="TP1.VintageTest" time="0">
    <error message="Unresolved compilation problem: &#10;	The constructor Utilizador(String, String, String, String, String, int) is undefined&#10;" type="java.lang.Error">java.lang.Error: 
Unresolved compilation problem: 
	The constructor Utilizador(String, String, String, String, String, int) is undefined

	at TP1.VintageTest.testAddUtilizador(VintageTest.java:44)
</error>
  </testcase>
  <testcase name="testEqualsDifferentEncomendas" classname="TP1.VintageTest" time="0.002">
    <error type="java.lang.NullPointerException">java.lang.NullPointerException
	at TP1.VintageTest.testEqualsDifferentEncomendas(VintageTest.java:127)
</error>
  </testcase>
  <testcase name="testHashCode" classname="TP1.VintageTest" time="0.002">
    <error message="Unresolved compilation problem: &#10;	The method setSessaoAtual(String) is undefined for the type Vintage&#10;" type="java.lang.Error">java.lang.Error: 
Unresolved compilation problem: 
	The method setSessaoAtual(String) is undefined for the type Vintage

	at TP1.VintageTest.testHashCode(VintageTest.java:169)
</error>
  </testcase>
  <testcase name="testEqualsDifferentUtizadores" classname="TP1.VintageTest" time="0.002">
    <error type="java.lang.NullPointerException">java.lang.NullPointerException
	at TP1.VintageTest.testEqualsDifferentUtizadores(VintageTest.java:110)
</error>
  </testcase>
  <testcase name="testEqualsDifferentTransportadoras" classname="TP1.VintageTest" time="0.004">
    <error type="java.lang.NullPointerException">java.lang.NullPointerException
	at TP1.VintageTest.testEqualsDifferentTransportadoras(VintageTest.java:142)
</error>
  </testcase>
  <testcase name="testEqualsDifferentSessaoAtual" classname="TP1.VintageTest" time="0.001">
    <error message="Unresolved compilation problems: &#10;	The method setSessaoAtual(String) is undefined for the type Vintage&#10;	The method setSessaoAtual(String) is undefined for the type Vintage&#10;" type="java.lang.Error">java.lang.Error: 
Unresolved compilation problems: 
	The method setSessaoAtual(String) is undefined for the type Vintage
	The method setSessaoAtual(String) is undefined for the type Vintage

	at TP1.VintageTest.testEqualsDifferentSessaoAtual(VintageTest.java:94)
</error>
  </testcase>
  <testcase name="testAddTransportadora" classname="TP1.VintageTest" time="0.001">
    <error message="Unresolved compilation problem: &#10;	The constructor Transportadoras(String, String, int, double, double, int) is undefined&#10;" type="java.lang.Error">java.lang.Error: 
Unresolved compilation problem: 
	The constructor Transportadoras(String, String, int, double, double, int) is undefined

	at TP1.VintageTest.testAddTransportadora(VintageTest.java:52)
</error>
  </testcase>
</testsuite>